# JRE version: OpenJDK Runtime Environment Microsoft-7208460 (11.0.18+10) (build 11.0.18+10-LTS)
# Java VM: OpenJDK 64-Bit Server VM Microsoft-7208460 (11.0.18+10-LTS, mixed mode, tiered, compressed oops, g1 gc, windows-amd64)
Heap:
 garbage-first heap   total 131072K, used 52118K [0x0000000080000000, 0x0000000100000000)
  region size 1024K, 35 young (35840K), 6 survivors (6144K)
 Metaspace       used 38240K, capacity 39205K, committed 39376K, reserved 550912K
  class space    used 4850K, capacity 5191K, committed 5248K, reserved 516096K
GC Heap History (12 events):
Event: 7.240 GC heap before
{Heap before GC invocations=0 (full 0):
 garbage-first heap   total 131072K, used 13312K [0x0000000080000000, 0x0000000100000000)
  region size 1024K, 14 young (14336K), 0 survivors (0K)
 Metaspace       used 6777K, capacity 6985K, committed 7168K, reserved 524288K
  class space    used 573K, capacity 650K, committed 768K, reserved 516096K
}
Event: 7.556 GC heap after
{Heap after GC invocations=1 (full 0):
 garbage-first heap   total 131072K, used 4401K [0x0000000080000000, 0x0000000100000000)
  region size 1024K, 2 young (2048K), 2 survivors (2048K)
 Metaspace       used 6777K, capacity 6985K, committed 7168K, reserved 524288K
  class space    used 573K, capacity 650K, committed 768K, reserved 516096K
}
Event: 49.075 GC heap before
{Heap before GC invocations=1 (full 0):
 garbage-first heap   total 131072K, used 84273K [0x0000000080000000, 0x0000000100000000)
  region size 1024K, 76 young (77824K), 2 survivors (2048K)
 Metaspace       used 17193K, capacity 17501K, committed 17792K, reserved 532480K
  class space    used 1951K, capacity 2072K, committed 2176K, reserved 516096K
}
Event: 49.388 GC heap after
{Heap after GC invocations=2 (full 0):
 garbage-first heap   total 131072K, used 17021K [0x0000000080000000, 0x0000000100000000)
  region size 1024K, 10 young (10240K), 10 survivors (10240K)
 Metaspace       used 17193K, capacity 17501K, committed 17792K, reserved 532480K
  class space    used 1951K, capacity 2072K, committed 2176K, reserved 516096K
}
Event: 55.900 GC heap before
{Heap before GC invocations=2 (full 0):
 garbage-first heap   total 131072K, used 42621K [0x0000000080000000, 0x0000000100000000)
  region size 1024K, 37 young (37888K), 10 survivors (10240K)
 Metaspace       used 20808K, capacity 21191K, committed 21296K, reserved 536576K
  class space    used 2488K, capacity 2652K, committed 2688K, reserved 516096K
}
Event: 55.917 GC heap after
{Heap after GC invocations=3 (full 0):
 garbage-first heap   total 131072K, used 18109K [0x0000000080000000, 0x0000000100000000)
  region size 1024K, 2 young (2048K), 2 survivors (2048K)
 Metaspace       used 20808K, capacity 21191K, committed 21296K, reserved 536576K
  class space    used 2488K, capacity 2652K, committed 2688K, reserved 516096K
}
Event: 70.436 GC heap before
{Heap before GC invocations=4 (full 0):
 garbage-first heap   total 131072K, used 66237K [0x0000000080000000, 0x0000000100000000)
  region size 1024K, 49 young (50176K), 2 survivors (2048K)
 Metaspace       used 25100K, capacity 25690K, committed 25904K, reserved 538624K
  class space    used 3179K, capacity 3386K, committed 3456K, reserved 516096K
}
Event: 70.447 GC heap after
{Heap after GC invocations=5 (full 0):
 garbage-first heap   total 131072K, used 19428K [0x0000000080000000, 0x0000000100000000)
  region size 1024K, 3 young (3072K), 3 survivors (3072K)
 Metaspace       used 25100K, capacity 25690K, committed 25904K, reserved 538624K
  class space    used 3179K, capacity 3386K, committed 3456K, reserved 516096K
}
Event: 86.162 GC heap before
{Heap before GC invocations=5 (full 0):
 garbage-first heap   total 131072K, used 76772K [0x0000000080000000, 0x0000000100000000)
  region size 1024K, 59 young (60416K), 3 survivors (3072K)
 Metaspace       used 30674K, capacity 31377K, committed 31664K, reserved 544768K
  class space    used 4020K, capacity 4287K, committed 4352K, reserved 516096K
}
Event: 86.175 GC heap after
{Heap after GC invocations=6 (full 0):
 garbage-first heap   total 131072K, used 21458K [0x0000000080000000, 0x0000000100000000)
  region size 1024K, 5 young (5120K), 5 survivors (5120K)
 Metaspace       used 30674K, capacity 31377K, committed 31664K, reserved 544768K
  class space    used 4020K, capacity 4287K, committed 4352K, reserved 516096K
}
Event: 91.136 GC heap before
{Heap before GC invocations=6 (full 0):
 garbage-first heap   total 131072K, used 41938K [0x0000000080000000, 0x0000000100000000)
  region size 1024K, 26 young (26624K), 5 survivors (5120K)
 Metaspace       used 34960K, capacity 35821K, committed 35920K, reserved 548864K
  class space    used 4464K, capacity 4812K, committed 4864K, reserved 516096K
}
Event: 91.153 GC heap after
{Heap after GC invocations=7 (full 0):
 garbage-first heap   total 131072K, used 23446K [0x0000000080000000, 0x0000000100000000)
  region size 1024K, 6 young (6144K), 6 survivors (6144K)
 Metaspace       used 34960K, capacity 35821K, committed 35920K, reserved 548864K
  class space    used 4464K, capacity 4812K, committed 4864K, reserved 516096K
}

