# JRE version: OpenJDK Runtime Environment Microsoft-7208460 (11.0.18+10) (build 11.0.18+10-LTS)
# Java VM: OpenJDK 64-Bit Server VM Microsoft-7208460 (11.0.18+10-LTS, mixed mode, tiered, compressed oops, g1 gc, windows-amd64)
Heap:
 garbage-first heap   total 131072K, used 36957K [0x0000000080000000, 0x0000000100000000)
  region size 1024K, 18 young (18432K), 9 survivors (9216K)
 Metaspace       used 41324K, capacity 42464K, committed 42576K, reserved 555008K
  class space    used 5173K, capacity 5590K, committed 5632K, reserved 516096K
GC Heap History (18 events):
Event: 23.360 GC heap before
{Heap before GC invocations=0 (full 0):
 garbage-first heap   total 131072K, used 13312K [0x0000000080000000, 0x0000000100000000)
  region size 1024K, 14 young (14336K), 0 survivors (0K)
 Metaspace       used 6764K, capacity 7001K, committed 7168K, reserved 524288K
  class space    used 573K, capacity 650K, committed 768K, reserved 516096K
}
Event: 24.096 GC heap after
{Heap after GC invocations=1 (full 0):
 garbage-first heap   total 131072K, used 4276K [0x0000000080000000, 0x0000000100000000)
  region size 1024K, 2 young (2048K), 2 survivors (2048K)
 Metaspace       used 6764K, capacity 7001K, committed 7168K, reserved 524288K
  class space    used 573K, capacity 650K, committed 768K, reserved 516096K
}
Event: 30.840 GC heap before
{Heap before GC invocations=1 (full 0):
 garbage-first heap   total 131072K, used 19636K [0x0000000080000000, 0x0000000100000000)
  region size 1024K, 13 young (13312K), 2 survivors (2048K)
 Metaspace       used 9913K, capacity 10130K, committed 10368K, reserved 526336K
  class space    used 1012K, capacity 1102K, committed 1152K, reserved 516096K
}
Event: 30.844 GC heap after
{Heap after GC invocations=2 (full 0):
 garbage-first heap   total 131072K, used 10640K [0x0000000080000000, 0x0000000100000000)
  region size 1024K, 2 young (2048K), 2 survivors (2048K)
 Metaspace       used 9913K, capacity 10130K, committed 10368K, reserved 526336K
  class space    used 1012K, capacity 1102K, committed 1152K, reserved 516096K
}
Event: 52.552 GC heap before
{Heap before GC invocations=2 (full 0):
 garbage-first heap   total 131072K, used 40336K [0x0000000080000000, 0x0000000100000000)
  region size 1024K, 30 young (30720K), 2 survivors (2048K)
 Metaspace       used 10947K, capacity 11211K, committed 11520K, reserved 526336K
  class space    used 1115K, capacity 1206K, committed 1280K, reserved 516096K
}
Event: 52.558 GC heap after
{Heap after GC invocations=3 (full 0):
 garbage-first heap   total 131072K, used 12800K [0x0000000080000000, 0x0000000100000000)
  region size 1024K, 4 young (4096K), 4 survivors (4096K)
 Metaspace       used 10947K, capacity 11211K, committed 11520K, reserved 526336K
  class space    used 1115K, capacity 1206K, committed 1280K, reserved 516096K
}
Event: 94.179 GC heap before
{Heap before GC invocations=3 (full 0):
 garbage-first heap   total 131072K, used 54784K [0x0000000080000000, 0x0000000100000000)
  region size 1024K, 45 young (46080K), 4 survivors (4096K)
 Metaspace       used 18441K, capacity 18798K, committed 18944K, reserved 534528K
  class space    used 2125K, capacity 2244K, committed 2304K, reserved 516096K
}
Event: 94.599 GC heap after
{Heap after GC invocations=4 (full 0):
 garbage-first heap   total 131072K, used 17741K [0x0000000080000000, 0x0000000100000000)
  region size 1024K, 6 young (6144K), 6 survivors (6144K)
 Metaspace       used 18441K, capacity 18798K, committed 18944K, reserved 534528K
  class space    used 2125K, capacity 2244K, committed 2304K, reserved 516096K
}
Event: 99.663 GC heap before
{Heap before GC invocations=4 (full 0):
 garbage-first heap   total 131072K, used 37197K [0x0000000080000000, 0x0000000100000000)
  region size 1024K, 26 young (26624K), 6 survivors (6144K)
 Metaspace       used 20828K, capacity 21212K, committed 21296K, reserved 536576K
  class space    used 2483K, capacity 2652K, committed 2688K, reserved 516096K
}
Event: 99.672 GC heap after
{Heap after GC invocations=5 (full 0):
 garbage-first heap   total 131072K, used 18866K [0x0000000080000000, 0x0000000100000000)
  region size 1024K, 5 young (5120K), 5 survivors (5120K)
 Metaspace       used 20828K, capacity 21212K, committed 21296K, reserved 536576K
  class space    used 2483K, capacity 2652K, committed 2688K, reserved 516096K
}
Event: 112.198 GC heap before
{Heap before GC invocations=6 (full 0):
 garbage-first heap   total 131072K, used 65970K [0x0000000080000000, 0x0000000100000000)
  region size 1024K, 51 young (52224K), 5 survivors (5120K)
 Metaspace       used 24995K, capacity 25579K, committed 25904K, reserved 538624K
  class space    used 3155K, capacity 3386K, committed 3456K, reserved 516096K
}
Event: 112.213 GC heap after
{Heap after GC invocations=7 (full 0):
 garbage-first heap   total 131072K, used 20535K [0x0000000080000000, 0x0000000100000000)
  region size 1024K, 3 young (3072K), 3 survivors (3072K)
 Metaspace       used 24995K, capacity 25579K, committed 25904K, reserved 538624K
  class space    used 3155K, capacity 3386K, committed 3456K, reserved 516096K
}
Event: 133.026 GC heap before
{Heap before GC invocations=7 (full 0):
 garbage-first heap   total 131072K, used 74807K [0x0000000080000000, 0x0000000100000000)
  region size 1024K, 56 young (57344K), 3 survivors (3072K)
 Metaspace       used 30237K, capacity 31046K, committed 31152K, reserved 544768K
  class space    used 3958K, capacity 4278K, committed 4352K, reserved 516096K
}
Event: 133.038 GC heap after
{Heap after GC invocations=8 (full 0):
 garbage-first heap   total 131072K, used 22103K [0x0000000080000000, 0x0000000100000000)
  region size 1024K, 5 young (5120K), 5 survivors (5120K)
 Metaspace       used 30237K, capacity 31046K, committed 31152K, reserved 544768K
  class space    used 3958K, capacity 4278K, committed 4352K, reserved 516096K
}
Event: 147.011 GC heap before
{Heap before GC invocations=8 (full 0):
 garbage-first heap   total 131072K, used 47703K [0x0000000080000000, 0x0000000100000000)
  region size 1024K, 31 young (31744K), 5 survivors (5120K)
 Metaspace       used 34894K, capacity 35744K, committed 35920K, reserved 548864K
  class space    used 4436K, capacity 4781K, committed 4864K, reserved 516096K
}
Event: 147.033 GC heap after
{Heap after GC invocations=9 (full 0):
 garbage-first heap   total 131072K, used 24191K [0x0000000080000000, 0x0000000100000000)
  region size 1024K, 7 young (7168K), 7 survivors (7168K)
 Metaspace       used 34894K, capacity 35744K, committed 35920K, reserved 548864K
  class space    used 4436K, capacity 4781K, committed 4864K, reserved 516096K
}
Event: 205.243 GC heap before
{Heap before GC invocations=10 (full 0):
 garbage-first heap   total 131072K, used 88703K [0x0000000080000000, 0x0000000100000000)
  region size 1024K, 68 young (69632K), 7 survivors (7168K)
 Metaspace       used 40997K, capacity 42108K, committed 42320K, reserved 552960K
  class space    used 5133K, capacity 5532K, committed 5632K, reserved 516096K
}
Event: 205.271 GC heap after
{Heap after GC invocations=11 (full 0):
 garbage-first heap   total 131072K, used 28765K [0x0000000080000000, 0x0000000100000000)
  region size 1024K, 9 young (9216K), 9 survivors (9216K)
 Metaspace       used 40997K, capacity 42108K, committed 42320K, reserved 552960K
  class space    used 5133K, capacity 5532K, committed 5632K, reserved 516096K
}

