# JRE version: OpenJDK Runtime Environment Microsoft-7208460 (11.0.18+10) (build 11.0.18+10-LTS)
# Java VM: OpenJDK 64-Bit Server VM Microsoft-7208460 (11.0.18+10-LTS, mixed mode, tiered, compressed oops, g1 gc, windows-amd64)
Heap:
 garbage-first heap   total 131072K, used 46552K [0x0000000080000000, 0x0000000100000000)
  region size 1024K, 25 young (25600K), 7 survivors (7168K)
 Metaspace       used 41314K, capacity 42450K, committed 42576K, reserved 555008K
  class space    used 5171K, capacity 5590K, committed 5632K, reserved 516096K
GC Heap History (18 events):
Event: 22.421 GC heap before
{Heap before GC invocations=0 (full 0):
 garbage-first heap   total 131072K, used 13312K [0x0000000080000000, 0x0000000100000000)
  region size 1024K, 14 young (14336K), 0 survivors (0K)
 Metaspace       used 6781K, capacity 6989K, committed 7168K, reserved 524288K
  class space    used 573K, capacity 650K, committed 768K, reserved 516096K
}
Event: 22.806 GC heap after
{Heap after GC invocations=1 (full 0):
 garbage-first heap   total 131072K, used 4403K [0x0000000080000000, 0x0000000100000000)
  region size 1024K, 2 young (2048K), 2 survivors (2048K)
 Metaspace       used 6781K, capacity 6989K, committed 7168K, reserved 524288K
  class space    used 573K, capacity 650K, committed 768K, reserved 516096K
}
Event: 29.180 GC heap before
{Heap before GC invocations=1 (full 0):
 garbage-first heap   total 131072K, used 20787K [0x0000000080000000, 0x0000000100000000)
  region size 1024K, 14 young (14336K), 2 survivors (2048K)
 Metaspace       used 9986K, capacity 10182K, committed 10368K, reserved 526336K
  class space    used 1013K, capacity 1102K, committed 1152K, reserved 516096K
}
Event: 29.185 GC heap after
{Heap after GC invocations=2 (full 0):
 garbage-first heap   total 131072K, used 10793K [0x0000000080000000, 0x0000000100000000)
  region size 1024K, 2 young (2048K), 2 survivors (2048K)
 Metaspace       used 9986K, capacity 10182K, committed 10368K, reserved 526336K
  class space    used 1013K, capacity 1102K, committed 1152K, reserved 516096K
}
Event: 59.122 GC heap before
{Heap before GC invocations=2 (full 0):
 garbage-first heap   total 131072K, used 41513K [0x0000000080000000, 0x0000000100000000)
  region size 1024K, 31 young (31744K), 2 survivors (2048K)
 Metaspace       used 10989K, capacity 11263K, committed 11520K, reserved 526336K
  class space    used 1116K, capacity 1206K, committed 1280K, reserved 516096K
}
Event: 59.129 GC heap after
{Heap after GC invocations=3 (full 0):
 garbage-first heap   total 131072K, used 15460K [0x0000000080000000, 0x0000000100000000)
  region size 1024K, 4 young (4096K), 4 survivors (4096K)
 Metaspace       used 10989K, capacity 11263K, committed 11520K, reserved 526336K
  class space    used 1116K, capacity 1206K, committed 1280K, reserved 516096K
}
Event: 92.169 GC heap before
{Heap before GC invocations=3 (full 0):
 garbage-first heap   total 131072K, used 58468K [0x0000000080000000, 0x0000000100000000)
  region size 1024K, 46 young (47104K), 4 survivors (4096K)
 Metaspace       used 19149K, capacity 19479K, committed 19584K, reserved 534528K
  class space    used 2211K, capacity 2347K, committed 2432K, reserved 516096K
}
Event: 92.369 GC heap after
{Heap after GC invocations=4 (full 0):
 garbage-first heap   total 131072K, used 18257K [0x0000000080000000, 0x0000000100000000)
  region size 1024K, 6 young (6144K), 6 survivors (6144K)
 Metaspace       used 19149K, capacity 19479K, committed 19584K, reserved 534528K
  class space    used 2211K, capacity 2347K, committed 2432K, reserved 516096K
}
Event: 95.291 GC heap before
{Heap before GC invocations=4 (full 0):
 garbage-first heap   total 131072K, used 33617K [0x0000000080000000, 0x0000000100000000)
  region size 1024K, 22 young (22528K), 6 survivors (6144K)
 Metaspace       used 20817K, capacity 21196K, committed 21296K, reserved 536576K
  class space    used 2487K, capacity 2652K, committed 2688K, reserved 516096K
}
Event: 95.298 GC heap after
{Heap after GC invocations=5 (full 0):
 garbage-first heap   total 131072K, used 18934K [0x0000000080000000, 0x0000000100000000)
  region size 1024K, 4 young (4096K), 4 survivors (4096K)
 Metaspace       used 20817K, capacity 21196K, committed 21296K, reserved 536576K
  class space    used 2487K, capacity 2652K, committed 2688K, reserved 516096K
}
Event: 106.476 GC heap before
{Heap before GC invocations=6 (full 0):
 garbage-first heap   total 131072K, used 77302K [0x0000000080000000, 0x0000000100000000)
  region size 1024K, 61 young (62464K), 4 survivors (4096K)
 Metaspace       used 26539K, capacity 27119K, committed 27440K, reserved 540672K
  class space    used 3412K, capacity 3628K, committed 3712K, reserved 516096K
}
Event: 106.489 GC heap after
{Heap after GC invocations=7 (full 0):
 garbage-first heap   total 131072K, used 21025K [0x0000000080000000, 0x0000000100000000)
  region size 1024K, 6 young (6144K), 6 survivors (6144K)
 Metaspace       used 26539K, capacity 27119K, committed 27440K, reserved 540672K
  class space    used 3412K, capacity 3628K, committed 3712K, reserved 516096K
}
Event: 137.619 GC heap before
{Heap before GC invocations=7 (full 0):
 garbage-first heap   total 131072K, used 85537K [0x0000000080000000, 0x0000000100000000)
  region size 1024K, 69 young (70656K), 6 survivors (6144K)
 Metaspace       used 34343K, capacity 35174K, committed 35504K, reserved 546816K
  class space    used 4411K, capacity 4743K, committed 4864K, reserved 516096K
}
Event: 137.644 GC heap after
{Heap after GC invocations=8 (full 0):
 garbage-first heap   total 131072K, used 24147K [0x0000000080000000, 0x0000000100000000)
  region size 1024K, 6 young (6144K), 6 survivors (6144K)
 Metaspace       used 34343K, capacity 35174K, committed 35504K, reserved 546816K
  class space    used 4411K, capacity 4743K, committed 4864K, reserved 516096K
}
Event: 138.413 GC heap before
{Heap before GC invocations=8 (full 0):
 garbage-first heap   total 131072K, used 25171K [0x0000000080000000, 0x0000000100000000)
  region size 1024K, 8 young (8192K), 6 survivors (6144K)
 Metaspace       used 34998K, capacity 35828K, committed 35920K, reserved 548864K
  class space    used 4463K, capacity 4813K, committed 4864K, reserved 516096K
}
Event: 138.432 GC heap after
{Heap after GC invocations=9 (full 0):
 garbage-first heap   total 131072K, used 24671K [0x0000000080000000, 0x0000000100000000)
  region size 1024K, 4 young (4096K), 4 survivors (4096K)
 Metaspace       used 34998K, capacity 35828K, committed 35920K, reserved 548864K
  class space    used 4463K, capacity 4813K, committed 4864K, reserved 516096K
}
Event: 196.682 GC heap before
{Heap before GC invocations=10 (full 0):
 garbage-first heap   total 131072K, used 78943K [0x0000000080000000, 0x0000000100000000)
  region size 1024K, 55 young (56320K), 4 survivors (4096K)
 Metaspace       used 40913K, capacity 41923K, committed 41936K, reserved 552960K
  class space    used 5125K, capacity 5498K, committed 5504K, reserved 516096K
}
Event: 196.707 GC heap after
{Heap after GC invocations=11 (full 0):
 garbage-first heap   total 131072K, used 29144K [0x0000000080000000, 0x0000000100000000)
  region size 1024K, 7 young (7168K), 7 survivors (7168K)
 Metaspace       used 40913K, capacity 41923K, committed 41936K, reserved 552960K
  class space    used 5125K, capacity 5498K, committed 5504K, reserved 516096K
}

