# JRE version: OpenJDK Runtime Environment Microsoft-7208460 (11.0.18+10) (build 11.0.18+10-LTS)
# Java VM: OpenJDK 64-Bit Server VM Microsoft-7208460 (11.0.18+10-LTS, mixed mode, tiered, compressed oops, g1 gc, windows-amd64)
Heap:
 garbage-first heap   total 131072K, used 24929K [0x0000000080000000, 0x0000000100000000)
  region size 1024K, 11 young (11264K), 5 survivors (5120K)
 Metaspace       used 25925K, capacity 26472K, committed 26544K, reserved 540672K
  class space    used 3290K, capacity 3518K, committed 3584K, reserved 516096K
GC Heap History (10 events):
Event: 19.737 GC heap before
{Heap before GC invocations=0 (full 0):
 garbage-first heap   total 131072K, used 13312K [0x0000000080000000, 0x0000000100000000)
  region size 1024K, 14 young (14336K), 0 survivors (0K)
 Metaspace       used 6781K, capacity 6989K, committed 7168K, reserved 524288K
  class space    used 573K, capacity 650K, committed 768K, reserved 516096K
}
Event: 19.937 GC heap after
{Heap after GC invocations=1 (full 0):
 garbage-first heap   total 131072K, used 4405K [0x0000000080000000, 0x0000000100000000)
  region size 1024K, 2 young (2048K), 2 survivors (2048K)
 Metaspace       used 6781K, capacity 6989K, committed 7168K, reserved 524288K
  class space    used 573K, capacity 650K, committed 768K, reserved 516096K
}
Event: 48.325 GC heap before
{Heap before GC invocations=1 (full 0):
 garbage-first heap   total 131072K, used 60725K [0x0000000080000000, 0x0000000100000000)
  region size 1024K, 52 young (53248K), 2 survivors (2048K)
 Metaspace       used 11100K, capacity 11383K, committed 11520K, reserved 526336K
  class space    used 1146K, capacity 1246K, committed 1280K, reserved 516096K
}
Event: 48.334 GC heap after
{Heap after GC invocations=2 (full 0):
 garbage-first heap   total 131072K, used 15263K [0x0000000080000000, 0x0000000100000000)
  region size 1024K, 7 young (7168K), 7 survivors (7168K)
 Metaspace       used 11100K, capacity 11383K, committed 11520K, reserved 526336K
  class space    used 1146K, capacity 1246K, committed 1280K, reserved 516096K
}
Event: 158.995 GC heap before
{Heap before GC invocations=2 (full 0):
 garbage-first heap   total 131072K, used 63391K [0x0000000080000000, 0x0000000100000000)
  region size 1024K, 55 young (56320K), 7 survivors (7168K)
 Metaspace       used 20477K, capacity 20944K, committed 21120K, reserved 534528K
  class space    used 2430K, capacity 2607K, committed 2688K, reserved 516096K
}
Event: 159.253 GC heap after
{Heap after GC invocations=3 (full 0):
 garbage-first heap   total 131072K, used 18172K [0x0000000080000000, 0x0000000100000000)
  region size 1024K, 3 young (3072K), 3 survivors (3072K)
 Metaspace       used 20477K, capacity 20944K, committed 21120K, reserved 534528K
  class space    used 2430K, capacity 2607K, committed 2688K, reserved 516096K
}
Event: 159.864 GC heap before
{Heap before GC invocations=3 (full 0):
 garbage-first heap   total 131072K, used 21244K [0x0000000080000000, 0x0000000100000000)
  region size 1024K, 7 young (7168K), 3 survivors (3072K)
 Metaspace       used 20808K, capacity 21195K, committed 21296K, reserved 536576K
  class space    used 2478K, capacity 2650K, committed 2688K, reserved 516096K
}
Event: 159.877 GC heap after
{Heap after GC invocations=4 (full 0):
 garbage-first heap   total 131072K, used 18178K [0x0000000080000000, 0x0000000100000000)
  region size 1024K, 3 young (3072K), 3 survivors (3072K)
 Metaspace       used 20808K, capacity 21195K, committed 21296K, reserved 536576K
  class space    used 2478K, capacity 2650K, committed 2688K, reserved 516096K
}
Event: 171.259 GC heap before
{Heap before GC invocations=5 (full 0):
 garbage-first heap   total 131072K, used 68354K [0x0000000080000000, 0x0000000100000000)
  region size 1024K, 52 young (53248K), 3 survivors (3072K)
 Metaspace       used 25282K, capacity 25858K, committed 25904K, reserved 538624K
  class space    used 3195K, capacity 3419K, committed 3456K, reserved 516096K
}
Event: 171.266 GC heap after
{Heap after GC invocations=6 (full 0):
 garbage-first heap   total 131072K, used 19809K [0x0000000080000000, 0x0000000100000000)
  region size 1024K, 5 young (5120K), 5 survivors (5120K)
 Metaspace       used 25282K, capacity 25858K, committed 25904K, reserved 538624K
  class space    used 3195K, capacity 3419K, committed 3456K, reserved 516096K
}

