# JRE version: OpenJDK Runtime Environment Microsoft-7208460 (11.0.18+10) (build 11.0.18+10-LTS)
# Java VM: OpenJDK 64-Bit Server VM Microsoft-7208460 (11.0.18+10-LTS, mixed mode, tiered, compressed oops, g1 gc, windows-amd64)
Heap:
 garbage-first heap   total 131072K, used 58211K [0x0000000080000000, 0x0000000100000000)
  region size 1024K, 41 young (41984K), 6 survivors (6144K)
 Metaspace       used 39130K, capacity 40086K, committed 40272K, reserved 552960K
  class space    used 4965K, capacity 5338K, committed 5376K, reserved 516096K
GC Heap History (12 events):
Event: 24.577 GC heap before
{Heap before GC invocations=0 (full 0):
 garbage-first heap   total 131072K, used 13312K [0x0000000080000000, 0x0000000100000000)
  region size 1024K, 14 young (14336K), 0 survivors (0K)
 Metaspace       used 6782K, capacity 6985K, committed 7168K, reserved 524288K
  class space    used 573K, capacity 650K, committed 768K, reserved 516096K
}
Event: 25.621 GC heap after
{Heap after GC invocations=1 (full 0):
 garbage-first heap   total 131072K, used 4405K [0x0000000080000000, 0x0000000100000000)
  region size 1024K, 2 young (2048K), 2 survivors (2048K)
 Metaspace       used 6782K, capacity 6985K, committed 7168K, reserved 524288K
  class space    used 573K, capacity 650K, committed 768K, reserved 516096K
}
Event: 103.615 GC heap before
{Heap before GC invocations=1 (full 0):
 garbage-first heap   total 131072K, used 85301K [0x0000000080000000, 0x0000000100000000)
  region size 1024K, 76 young (77824K), 2 survivors (2048K)
 Metaspace       used 17257K, capacity 17634K, committed 17792K, reserved 532480K
  class space    used 1952K, capacity 2072K, committed 2176K, reserved 516096K
}
Event: 103.952 GC heap after
{Heap after GC invocations=2 (full 0):
 garbage-first heap   total 131072K, used 17344K [0x0000000080000000, 0x0000000100000000)
  region size 1024K, 10 young (10240K), 10 survivors (10240K)
 Metaspace       used 17257K, capacity 17634K, committed 17792K, reserved 532480K
  class space    used 1952K, capacity 2072K, committed 2176K, reserved 516096K
}
Event: 113.073 GC heap before
{Heap before GC invocations=2 (full 0):
 garbage-first heap   total 131072K, used 42944K [0x0000000080000000, 0x0000000100000000)
  region size 1024K, 36 young (36864K), 10 survivors (10240K)
 Metaspace       used 20815K, capacity 21191K, committed 21296K, reserved 536576K
  class space    used 2480K, capacity 2650K, committed 2688K, reserved 516096K
}
Event: 113.092 GC heap after
{Heap after GC invocations=3 (full 0):
 garbage-first heap   total 131072K, used 18215K [0x0000000080000000, 0x0000000100000000)
  region size 1024K, 2 young (2048K), 2 survivors (2048K)
 Metaspace       used 20815K, capacity 21191K, committed 21296K, reserved 536576K
  class space    used 2480K, capacity 2650K, committed 2688K, reserved 516096K
}
Event: 138.590 GC heap before
{Heap before GC invocations=4 (full 0):
 garbage-first heap   total 131072K, used 64295K [0x0000000080000000, 0x0000000100000000)
  region size 1024K, 47 young (48128K), 2 survivors (2048K)
 Metaspace       used 24839K, capacity 25391K, committed 25648K, reserved 538624K
  class space    used 3121K, capacity 3349K, committed 3456K, reserved 516096K
}
Event: 138.600 GC heap after
{Heap after GC invocations=5 (full 0):
 garbage-first heap   total 131072K, used 19413K [0x0000000080000000, 0x0000000100000000)
  region size 1024K, 3 young (3072K), 3 survivors (3072K)
 Metaspace       used 24839K, capacity 25391K, committed 25648K, reserved 538624K
  class space    used 3121K, capacity 3349K, committed 3456K, reserved 516096K
}
Event: 164.359 GC heap before
{Heap before GC invocations=5 (full 0):
 garbage-first heap   total 131072K, used 76757K [0x0000000080000000, 0x0000000100000000)
  region size 1024K, 59 young (60416K), 3 survivors (3072K)
 Metaspace       used 30353K, capacity 31094K, committed 31408K, reserved 544768K
  class space    used 3975K, capacity 4278K, committed 4352K, reserved 516096K
}
Event: 164.369 GC heap after
{Heap after GC invocations=6 (full 0):
 garbage-first heap   total 131072K, used 21208K [0x0000000080000000, 0x0000000100000000)
  region size 1024K, 5 young (5120K), 5 survivors (5120K)
 Metaspace       used 30353K, capacity 31094K, committed 31408K, reserved 544768K
  class space    used 3975K, capacity 4278K, committed 4352K, reserved 516096K
}
Event: 174.403 GC heap before
{Heap before GC invocations=6 (full 0):
 garbage-first heap   total 131072K, used 45784K [0x0000000080000000, 0x0000000100000000)
  region size 1024K, 30 young (30720K), 5 survivors (5120K)
 Metaspace       used 34999K, capacity 35824K, committed 35920K, reserved 548864K
  class space    used 4457K, capacity 4813K, committed 4864K, reserved 516096K
}
Event: 174.422 GC heap after
{Heap after GC invocations=7 (full 0):
 garbage-first heap   total 131072K, used 23395K [0x0000000080000000, 0x0000000100000000)
  region size 1024K, 6 young (6144K), 6 survivors (6144K)
 Metaspace       used 34999K, capacity 35824K, committed 35920K, reserved 548864K
  class space    used 4457K, capacity 4813K, committed 4864K, reserved 516096K
}

