# JRE version: OpenJDK Runtime Environment Microsoft-7208460 (11.0.18+10) (build 11.0.18+10-LTS)
# Java VM: OpenJDK 64-Bit Server VM Microsoft-7208460 (11.0.18+10-LTS, mixed mode, tiered, compressed oops, g1 gc, windows-amd64)
Heap:
 garbage-first heap   total 131072K, used 25876K [0x0000000080000000, 0x0000000100000000)
  region size 1024K, 10 young (10240K), 7 survivors (7168K)
 Metaspace       used 36111K, capacity 37002K, committed 37328K, reserved 548864K
  class space    used 4607K, capacity 4949K, committed 4992K, reserved 516096K
GC Heap History (16 events):
Event: 24.141 GC heap before
{Heap before GC invocations=0 (full 0):
 garbage-first heap   total 131072K, used 13312K [0x0000000080000000, 0x0000000100000000)
  region size 1024K, 14 young (14336K), 0 survivors (0K)
 Metaspace       used 6785K, capacity 6989K, committed 7168K, reserved 524288K
  class space    used 573K, capacity 650K, committed 768K, reserved 516096K
}
Event: 24.802 GC heap after
{Heap after GC invocations=1 (full 0):
 garbage-first heap   total 131072K, used 4404K [0x0000000080000000, 0x0000000100000000)
  region size 1024K, 2 young (2048K), 2 survivors (2048K)
 Metaspace       used 6785K, capacity 6989K, committed 7168K, reserved 524288K
  class space    used 573K, capacity 650K, committed 768K, reserved 516096K
}
Event: 35.190 GC heap before
{Heap before GC invocations=1 (full 0):
 garbage-first heap   total 131072K, used 20788K [0x0000000080000000, 0x0000000100000000)
  region size 1024K, 14 young (14336K), 2 survivors (2048K)
 Metaspace       used 9976K, capacity 10182K, committed 10368K, reserved 526336K
  class space    used 1013K, capacity 1102K, committed 1152K, reserved 516096K
}
Event: 35.196 GC heap after
{Heap after GC invocations=2 (full 0):
 garbage-first heap   total 131072K, used 10555K [0x0000000080000000, 0x0000000100000000)
  region size 1024K, 2 young (2048K), 2 survivors (2048K)
 Metaspace       used 9976K, capacity 10182K, committed 10368K, reserved 526336K
  class space    used 1013K, capacity 1102K, committed 1152K, reserved 516096K
}
Event: 48.657 GC heap before
{Heap before GC invocations=2 (full 0):
 garbage-first heap   total 131072K, used 40251K [0x0000000080000000, 0x0000000100000000)
  region size 1024K, 30 young (30720K), 2 survivors (2048K)
 Metaspace       used 10990K, capacity 11263K, committed 11520K, reserved 526336K
  class space    used 1115K, capacity 1206K, committed 1280K, reserved 516096K
}
Event: 48.663 GC heap after
{Heap after GC invocations=3 (full 0):
 garbage-first heap   total 131072K, used 13828K [0x0000000080000000, 0x0000000100000000)
  region size 1024K, 4 young (4096K), 4 survivors (4096K)
 Metaspace       used 10990K, capacity 11263K, committed 11520K, reserved 526336K
  class space    used 1115K, capacity 1206K, committed 1280K, reserved 516096K
}
Event: 128.709 GC heap before
{Heap before GC invocations=3 (full 0):
 garbage-first heap   total 131072K, used 55812K [0x0000000080000000, 0x0000000100000000)
  region size 1024K, 45 young (46080K), 4 survivors (4096K)
 Metaspace       used 18489K, capacity 18887K, committed 18944K, reserved 534528K
  class space    used 2128K, capacity 2276K, committed 2304K, reserved 516096K
}
Event: 128.948 GC heap after
{Heap after GC invocations=4 (full 0):
 garbage-first heap   total 131072K, used 17274K [0x0000000080000000, 0x0000000100000000)
  region size 1024K, 6 young (6144K), 6 survivors (6144K)
 Metaspace       used 18489K, capacity 18887K, committed 18944K, reserved 534528K
  class space    used 2128K, capacity 2276K, committed 2304K, reserved 516096K
}
Event: 136.143 GC heap before
{Heap before GC invocations=4 (full 0):
 garbage-first heap   total 131072K, used 35706K [0x0000000080000000, 0x0000000100000000)
  region size 1024K, 25 young (25600K), 6 survivors (6144K)
 Metaspace       used 20782K, capacity 21163K, committed 21296K, reserved 536576K
  class space    used 2471K, capacity 2618K, committed 2688K, reserved 516096K
}
Event: 136.158 GC heap after
{Heap after GC invocations=5 (full 0):
 garbage-first heap   total 131072K, used 18484K [0x0000000080000000, 0x0000000100000000)
  region size 1024K, 5 young (5120K), 5 survivors (5120K)
 Metaspace       used 20782K, capacity 21163K, committed 21296K, reserved 536576K
  class space    used 2471K, capacity 2618K, committed 2688K, reserved 516096K
}
Event: 150.946 GC heap before
{Heap before GC invocations=6 (full 0):
 garbage-first heap   total 131072K, used 65588K [0x0000000080000000, 0x0000000100000000)
  region size 1024K, 52 young (53248K), 5 survivors (5120K)
 Metaspace       used 24937K, capacity 25464K, committed 25648K, reserved 538624K
  class space    used 3139K, capacity 3351K, committed 3456K, reserved 516096K
}
Event: 150.961 GC heap after
{Heap after GC invocations=7 (full 0):
 garbage-first heap   total 131072K, used 19941K [0x0000000080000000, 0x0000000100000000)
  region size 1024K, 3 young (3072K), 3 survivors (3072K)
 Metaspace       used 24937K, capacity 25464K, committed 25648K, reserved 538624K
  class space    used 3139K, capacity 3351K, committed 3456K, reserved 516096K
}
Event: 165.459 GC heap before
{Heap before GC invocations=7 (full 0):
 garbage-first heap   total 131072K, used 75237K [0x0000000080000000, 0x0000000100000000)
  region size 1024K, 57 young (58368K), 3 survivors (3072K)
 Metaspace       used 30357K, capacity 31163K, committed 31408K, reserved 544768K
  class space    used 3968K, capacity 4278K, committed 4352K, reserved 516096K
}
Event: 165.472 GC heap after
{Heap after GC invocations=8 (full 0):
 garbage-first heap   total 131072K, used 21983K [0x0000000080000000, 0x0000000100000000)
  region size 1024K, 5 young (5120K), 5 survivors (5120K)
 Metaspace       used 30357K, capacity 31163K, committed 31408K, reserved 544768K
  class space    used 3968K, capacity 4278K, committed 4352K, reserved 516096K
}
Event: 171.811 GC heap before
{Heap before GC invocations=8 (full 0):
 garbage-first heap   total 131072K, used 46559K [0x0000000080000000, 0x0000000100000000)
  region size 1024K, 30 young (30720K), 5 survivors (5120K)
 Metaspace       used 34987K, capacity 35796K, committed 35920K, reserved 548864K
  class space    used 4441K, capacity 4781K, committed 4864K, reserved 516096K
}
Event: 171.829 GC heap after
{Heap after GC invocations=9 (full 0):
 garbage-first heap   total 131072K, used 23828K [0x0000000080000000, 0x0000000100000000)
  region size 1024K, 7 young (7168K), 7 survivors (7168K)
 Metaspace       used 34987K, capacity 35796K, committed 35920K, reserved 548864K
  class space    used 4441K, capacity 4781K, committed 4864K, reserved 516096K
}

