# JRE version: OpenJDK Runtime Environment Microsoft-7208460 (11.0.18+10) (build 11.0.18+10-LTS)
# Java VM: OpenJDK 64-Bit Server VM Microsoft-7208460 (11.0.18+10-LTS, mixed mode, tiered, compressed oops, g1 gc, windows-amd64)
Heap:
 garbage-first heap   total 131072K, used 50692K [0x0000000080000000, 0x0000000100000000)
  region size 1024K, 31 young (31744K), 8 survivors (8192K)
 Metaspace       used 41431K, capacity 42516K, committed 42576K, reserved 555008K
  class space    used 5187K, capacity 5592K, committed 5632K, reserved 516096K
GC Heap History (18 events):
Event: 24.431 GC heap before
{Heap before GC invocations=0 (full 0):
 garbage-first heap   total 131072K, used 13312K [0x0000000080000000, 0x0000000100000000)
  region size 1024K, 14 young (14336K), 0 survivors (0K)
 Metaspace       used 6774K, capacity 6985K, committed 7168K, reserved 524288K
  class space    used 573K, capacity 650K, committed 768K, reserved 516096K
}
Event: 25.011 GC heap after
{Heap after GC invocations=1 (full 0):
 garbage-first heap   total 131072K, used 4405K [0x0000000080000000, 0x0000000100000000)
  region size 1024K, 2 young (2048K), 2 survivors (2048K)
 Metaspace       used 6774K, capacity 6985K, committed 7168K, reserved 524288K
  class space    used 573K, capacity 650K, committed 768K, reserved 516096K
}
Event: 31.344 GC heap before
{Heap before GC invocations=1 (full 0):
 garbage-first heap   total 131072K, used 20789K [0x0000000080000000, 0x0000000100000000)
  region size 1024K, 14 young (14336K), 2 survivors (2048K)
 Metaspace       used 9943K, capacity 10178K, committed 10368K, reserved 526336K
  class space    used 1013K, capacity 1102K, committed 1152K, reserved 516096K
}
Event: 31.349 GC heap after
{Heap after GC invocations=2 (full 0):
 garbage-first heap   total 131072K, used 10431K [0x0000000080000000, 0x0000000100000000)
  region size 1024K, 2 young (2048K), 2 survivors (2048K)
 Metaspace       used 9943K, capacity 10178K, committed 10368K, reserved 526336K
  class space    used 1013K, capacity 1102K, committed 1152K, reserved 516096K
}
Event: 53.818 GC heap before
{Heap before GC invocations=2 (full 0):
 garbage-first heap   total 131072K, used 41151K [0x0000000080000000, 0x0000000100000000)
  region size 1024K, 31 young (31744K), 2 survivors (2048K)
 Metaspace       used 10964K, capacity 11195K, committed 11520K, reserved 526336K
  class space    used 1115K, capacity 1206K, committed 1280K, reserved 516096K
}
Event: 53.825 GC heap after
{Heap after GC invocations=3 (full 0):
 garbage-first heap   total 131072K, used 13655K [0x0000000080000000, 0x0000000100000000)
  region size 1024K, 4 young (4096K), 4 survivors (4096K)
 Metaspace       used 10964K, capacity 11195K, committed 11520K, reserved 526336K
  class space    used 1115K, capacity 1206K, committed 1280K, reserved 516096K
}
Event: 90.595 GC heap before
{Heap before GC invocations=3 (full 0):
 garbage-first heap   total 131072K, used 56663K [0x0000000080000000, 0x0000000100000000)
  region size 1024K, 46 young (47104K), 4 survivors (4096K)
 Metaspace       used 18943K, capacity 19312K, committed 19584K, reserved 534528K
  class space    used 2185K, capacity 2314K, committed 2432K, reserved 516096K
}
Event: 90.781 GC heap after
{Heap after GC invocations=4 (full 0):
 garbage-first heap   total 131072K, used 17542K [0x0000000080000000, 0x0000000100000000)
  region size 1024K, 6 young (6144K), 6 survivors (6144K)
 Metaspace       used 18943K, capacity 19312K, committed 19584K, reserved 534528K
  class space    used 2185K, capacity 2314K, committed 2432K, reserved 516096K
}
Event: 92.341 GC heap before
{Heap before GC invocations=4 (full 0):
 garbage-first heap   total 131072K, used 33926K [0x0000000080000000, 0x0000000100000000)
  region size 1024K, 23 young (23552K), 6 survivors (6144K)
 Metaspace       used 20832K, capacity 21192K, committed 21296K, reserved 536576K
  class space    used 2484K, capacity 2652K, committed 2688K, reserved 516096K
}
Event: 92.350 GC heap after
{Heap after GC invocations=5 (full 0):
 garbage-first heap   total 131072K, used 18126K [0x0000000080000000, 0x0000000100000000)
  region size 1024K, 4 young (4096K), 4 survivors (4096K)
 Metaspace       used 20832K, capacity 21192K, committed 21296K, reserved 536576K
  class space    used 2484K, capacity 2652K, committed 2688K, reserved 516096K
}
Event: 100.240 GC heap before
{Heap before GC invocations=6 (full 0):
 garbage-first heap   total 131072K, used 65230K [0x0000000080000000, 0x0000000100000000)
  region size 1024K, 50 young (51200K), 4 survivors (4096K)
 Metaspace       used 25002K, capacity 25559K, committed 25648K, reserved 538624K
  class space    used 3151K, capacity 3386K, committed 3456K, reserved 516096K
}
Event: 100.250 GC heap after
{Heap after GC invocations=7 (full 0):
 garbage-first heap   total 131072K, used 19866K [0x0000000080000000, 0x0000000100000000)
  region size 1024K, 3 young (3072K), 3 survivors (3072K)
 Metaspace       used 25002K, capacity 25559K, committed 25648K, reserved 538624K
  class space    used 3151K, capacity 3386K, committed 3456K, reserved 516096K
}
Event: 121.355 GC heap before
{Heap before GC invocations=7 (full 0):
 garbage-first heap   total 131072K, used 71066K [0x0000000080000000, 0x0000000100000000)
  region size 1024K, 53 young (54272K), 3 survivors (3072K)
 Metaspace       used 30017K, capacity 30799K, committed 31152K, reserved 544768K
  class space    used 3919K, capacity 4244K, committed 4352K, reserved 516096K
}
Event: 121.367 GC heap after
{Heap after GC invocations=8 (full 0):
 garbage-first heap   total 131072K, used 21421K [0x0000000080000000, 0x0000000100000000)
  region size 1024K, 4 young (4096K), 4 survivors (4096K)
 Metaspace       used 30017K, capacity 30799K, committed 31152K, reserved 544768K
  class space    used 3919K, capacity 4244K, committed 4352K, reserved 516096K
}
Event: 136.167 GC heap before
{Heap before GC invocations=8 (full 0):
 garbage-first heap   total 131072K, used 49069K [0x0000000080000000, 0x0000000100000000)
  region size 1024K, 32 young (32768K), 4 survivors (4096K)
 Metaspace       used 34989K, capacity 35824K, committed 35920K, reserved 548864K
  class space    used 4456K, capacity 4813K, committed 4864K, reserved 516096K
}
Event: 136.191 GC heap after
{Heap after GC invocations=9 (full 0):
 garbage-first heap   total 131072K, used 23642K [0x0000000080000000, 0x0000000100000000)
  region size 1024K, 7 young (7168K), 7 survivors (7168K)
 Metaspace       used 34989K, capacity 35824K, committed 35920K, reserved 548864K
  class space    used 4456K, capacity 4813K, committed 4864K, reserved 516096K
}
Event: 178.753 GC heap before
{Heap before GC invocations=10 (full 0):
 garbage-first heap   total 131072K, used 76890K [0x0000000080000000, 0x0000000100000000)
  region size 1024K, 57 young (58368K), 7 survivors (7168K)
 Metaspace       used 40866K, capacity 41914K, committed 41936K, reserved 552960K
  class space    used 5123K, capacity 5497K, committed 5504K, reserved 516096K
}
Event: 178.783 GC heap after
{Heap after GC invocations=11 (full 0):
 garbage-first heap   total 131072K, used 28164K [0x0000000080000000, 0x0000000100000000)
  region size 1024K, 8 young (8192K), 8 survivors (8192K)
 Metaspace       used 40866K, capacity 41914K, committed 41936K, reserved 552960K
  class space    used 5123K, capacity 5497K, committed 5504K, reserved 516096K
}

