# JRE version: OpenJDK Runtime Environment Microsoft-7208460 (11.0.18+10) (build 11.0.18+10-LTS)
# Java VM: OpenJDK 64-Bit Server VM Microsoft-7208460 (11.0.18+10-LTS, mixed mode, tiered, compressed oops, g1 gc, windows-amd64)
Heap:
 garbage-first heap   total 131072K, used 25175K [0x0000000080000000, 0x0000000100000000)
  region size 1024K, 8 young (8192K), 6 survivors (6144K)
 Metaspace       used 36033K, capacity 36927K, committed 37072K, reserved 548864K
  class space    used 4600K, capacity 4946K, committed 4992K, reserved 516096K
GC Heap History (12 events):
Event: 30.900 GC heap before
{Heap before GC invocations=0 (full 0):
 garbage-first heap   total 131072K, used 13312K [0x0000000080000000, 0x0000000100000000)
  region size 1024K, 14 young (14336K), 0 survivors (0K)
 Metaspace       used 6783K, capacity 6989K, committed 7168K, reserved 524288K
  class space    used 573K, capacity 650K, committed 768K, reserved 516096K
}
Event: 31.565 GC heap after
{Heap after GC invocations=1 (full 0):
 garbage-first heap   total 131072K, used 4396K [0x0000000080000000, 0x0000000100000000)
  region size 1024K, 2 young (2048K), 2 survivors (2048K)
 Metaspace       used 6783K, capacity 6989K, committed 7168K, reserved 524288K
  class space    used 573K, capacity 650K, committed 768K, reserved 516096K
}
Event: 140.912 GC heap before
{Heap before GC invocations=1 (full 0):
 garbage-first heap   total 131072K, used 85292K [0x0000000080000000, 0x0000000100000000)
  region size 1024K, 76 young (77824K), 2 survivors (2048K)
 Metaspace       used 17257K, capacity 17608K, committed 17664K, reserved 532480K
  class space    used 1942K, capacity 2040K, committed 2048K, reserved 516096K
}
Event: 141.746 GC heap after
{Heap after GC invocations=2 (full 0):
 garbage-first heap   total 131072K, used 16965K [0x0000000080000000, 0x0000000100000000)
  region size 1024K, 10 young (10240K), 10 survivors (10240K)
 Metaspace       used 17257K, capacity 17608K, committed 17664K, reserved 532480K
  class space    used 1942K, capacity 2040K, committed 2048K, reserved 516096K
}
Event: 151.122 GC heap before
{Heap before GC invocations=2 (full 0):
 garbage-first heap   total 131072K, used 41541K [0x0000000080000000, 0x0000000100000000)
  region size 1024K, 36 young (36864K), 10 survivors (10240K)
 Metaspace       used 20749K, capacity 21155K, committed 21296K, reserved 536576K
  class space    used 2465K, capacity 2614K, committed 2688K, reserved 516096K
}
Event: 151.140 GC heap after
{Heap after GC invocations=3 (full 0):
 garbage-first heap   total 131072K, used 18650K [0x0000000080000000, 0x0000000100000000)
  region size 1024K, 2 young (2048K), 2 survivors (2048K)
 Metaspace       used 20749K, capacity 21155K, committed 21296K, reserved 536576K
  class space    used 2465K, capacity 2614K, committed 2688K, reserved 516096K
}
Event: 167.718 GC heap before
{Heap before GC invocations=4 (full 0):
 garbage-first heap   total 131072K, used 64730K [0x0000000080000000, 0x0000000100000000)
  region size 1024K, 47 young (48128K), 2 survivors (2048K)
 Metaspace       used 24870K, capacity 25460K, committed 25648K, reserved 538624K
  class space    used 3118K, capacity 3349K, committed 3456K, reserved 516096K
}
Event: 167.726 GC heap after
{Heap after GC invocations=5 (full 0):
 garbage-first heap   total 131072K, used 20024K [0x0000000080000000, 0x0000000100000000)
  region size 1024K, 3 young (3072K), 3 survivors (3072K)
 Metaspace       used 24870K, capacity 25460K, committed 25648K, reserved 538624K
  class space    used 3118K, capacity 3349K, committed 3456K, reserved 516096K
}
Event: 180.260 GC heap before
{Heap before GC invocations=5 (full 0):
 garbage-first heap   total 131072K, used 77368K [0x0000000080000000, 0x0000000100000000)
  region size 1024K, 59 young (60416K), 3 survivors (3072K)
 Metaspace       used 30372K, capacity 31163K, committed 31408K, reserved 544768K
  class space    used 3971K, capacity 4278K, committed 4352K, reserved 516096K
}
Event: 180.267 GC heap after
{Heap after GC invocations=6 (full 0):
 garbage-first heap   total 131072K, used 21952K [0x0000000080000000, 0x0000000100000000)
  region size 1024K, 5 young (5120K), 5 survivors (5120K)
 Metaspace       used 30372K, capacity 31163K, committed 31408K, reserved 544768K
  class space    used 3971K, capacity 4278K, committed 4352K, reserved 516096K
}
Event: 185.332 GC heap before
{Heap before GC invocations=6 (full 0):
 garbage-first heap   total 131072K, used 46528K [0x0000000080000000, 0x0000000100000000)
  region size 1024K, 30 young (30720K), 5 survivors (5120K)
 Metaspace       used 34986K, capacity 35796K, committed 35920K, reserved 548864K
  class space    used 4441K, capacity 4781K, committed 4864K, reserved 516096K
}
Event: 185.350 GC heap after
{Heap after GC invocations=7 (full 0):
 garbage-first heap   total 131072K, used 24151K [0x0000000080000000, 0x0000000100000000)
  region size 1024K, 6 young (6144K), 6 survivors (6144K)
 Metaspace       used 34986K, capacity 35796K, committed 35920K, reserved 548864K
  class space    used 4441K, capacity 4781K, committed 4864K, reserved 516096K
}

