# JRE version: OpenJDK Runtime Environment Microsoft-7208460 (11.0.18+10) (build 11.0.18+10-LTS)
# Java VM: OpenJDK 64-Bit Server VM Microsoft-7208460 (11.0.18+10-LTS, mixed mode, tiered, compressed oops, g1 gc, windows-amd64)
Heap:
 garbage-first heap   total 131072K, used 78790K [0x0000000080000000, 0x0000000100000000)
  region size 1024K, 60 young (61440K), 7 survivors (7168K)
 Metaspace       used 40940K, capacity 41964K, committed 42320K, reserved 552960K
  class space    used 5127K, capacity 5530K, committed 5632K, reserved 516096K
GC Heap History (14 events):
Event: 35.424 GC heap before
{Heap before GC invocations=0 (full 0):
 garbage-first heap   total 131072K, used 13312K [0x0000000080000000, 0x0000000100000000)
  region size 1024K, 14 young (14336K), 0 survivors (0K)
 Metaspace       used 6761K, capacity 6997K, committed 7168K, reserved 524288K
  class space    used 573K, capacity 650K, committed 768K, reserved 516096K
}
Event: 36.248 GC heap after
{Heap after GC invocations=1 (full 0):
 garbage-first heap   total 131072K, used 4278K [0x0000000080000000, 0x0000000100000000)
  region size 1024K, 2 young (2048K), 2 survivors (2048K)
 Metaspace       used 6761K, capacity 6997K, committed 7168K, reserved 524288K
  class space    used 573K, capacity 650K, committed 768K, reserved 516096K
}
Event: 64.862 GC heap before
{Heap before GC invocations=1 (full 0):
 garbage-first heap   total 131072K, used 51382K [0x0000000080000000, 0x0000000100000000)
  region size 1024K, 44 young (45056K), 2 survivors (2048K)
 Metaspace       used 10992K, capacity 11271K, committed 11520K, reserved 526336K
  class space    used 1116K, capacity 1206K, committed 1280K, reserved 516096K
}
Event: 64.878 GC heap after
{Heap after GC invocations=2 (full 0):
 garbage-first heap   total 131072K, used 14653K [0x0000000080000000, 0x0000000100000000)
  region size 1024K, 6 young (6144K), 6 survivors (6144K)
 Metaspace       used 10992K, capacity 11271K, committed 11520K, reserved 526336K
  class space    used 1116K, capacity 1206K, committed 1280K, reserved 516096K
}
Event: 102.031 GC heap before
{Heap before GC invocations=2 (full 0):
 garbage-first heap   total 131072K, used 54589K [0x0000000080000000, 0x0000000100000000)
  region size 1024K, 45 young (46080K), 6 survivors (6144K)
 Metaspace       used 18520K, capacity 18926K, committed 19200K, reserved 534528K
  class space    used 2133K, capacity 2244K, committed 2304K, reserved 516096K
}
Event: 102.419 GC heap after
{Heap after GC invocations=3 (full 0):
 garbage-first heap   total 131072K, used 17189K [0x0000000080000000, 0x0000000100000000)
  region size 1024K, 3 young (3072K), 3 survivors (3072K)
 Metaspace       used 18520K, capacity 18926K, committed 19200K, reserved 534528K
  class space    used 2133K, capacity 2244K, committed 2304K, reserved 516096K
}
Event: 106.256 GC heap before
{Heap before GC invocations=3 (full 0):
 garbage-first heap   total 131072K, used 35621K [0x0000000080000000, 0x0000000100000000)
  region size 1024K, 22 young (22528K), 3 survivors (3072K)
 Metaspace       used 20825K, capacity 21202K, committed 21296K, reserved 536576K
  class space    used 2481K, capacity 2650K, committed 2688K, reserved 516096K
}
Event: 106.266 GC heap after
{Heap after GC invocations=4 (full 0):
 garbage-first heap   total 131072K, used 17964K [0x0000000080000000, 0x0000000100000000)
  region size 1024K, 4 young (4096K), 4 survivors (4096K)
 Metaspace       used 20825K, capacity 21202K, committed 21296K, reserved 536576K
  class space    used 2481K, capacity 2650K, committed 2688K, reserved 516096K
}
Event: 122.868 GC heap before
{Heap before GC invocations=5 (full 0):
 garbage-first heap   total 131072K, used 67116K [0x0000000080000000, 0x0000000100000000)
  region size 1024K, 52 young (53248K), 4 survivors (4096K)
 Metaspace       used 25165K, capacity 25706K, committed 25904K, reserved 538624K
  class space    used 3179K, capacity 3387K, committed 3456K, reserved 516096K
}
Event: 122.882 GC heap after
{Heap after GC invocations=6 (full 0):
 garbage-first heap   total 131072K, used 19509K [0x0000000080000000, 0x0000000100000000)
  region size 1024K, 6 young (6144K), 6 survivors (6144K)
 Metaspace       used 25165K, capacity 25706K, committed 25904K, reserved 538624K
  class space    used 3179K, capacity 3387K, committed 3456K, reserved 516096K
}
Event: 149.294 GC heap before
{Heap before GC invocations=6 (full 0):
 garbage-first heap   total 131072K, used 75829K [0x0000000080000000, 0x0000000100000000)
  region size 1024K, 61 young (62464K), 6 survivors (6144K)
 Metaspace       used 30493K, capacity 31267K, committed 31408K, reserved 544768K
  class space    used 3990K, capacity 4311K, committed 4352K, reserved 516096K
}
Event: 149.312 GC heap after
{Heap after GC invocations=7 (full 0):
 garbage-first heap   total 131072K, used 21455K [0x0000000080000000, 0x0000000100000000)
  region size 1024K, 5 young (5120K), 5 survivors (5120K)
 Metaspace       used 30493K, capacity 31267K, committed 31408K, reserved 544768K
  class space    used 3990K, capacity 4311K, committed 4352K, reserved 516096K
}
Event: 160.438 GC heap before
{Heap before GC invocations=7 (full 0):
 garbage-first heap   total 131072K, used 45007K [0x0000000080000000, 0x0000000100000000)
  region size 1024K, 29 young (29696K), 5 survivors (5120K)
 Metaspace       used 34986K, capacity 35836K, committed 35920K, reserved 548864K
  class space    used 4454K, capacity 4813K, committed 4864K, reserved 516096K
}
Event: 160.456 GC heap after
{Heap after GC invocations=8 (full 0):
 garbage-first heap   total 131072K, used 23494K [0x0000000080000000, 0x0000000100000000)
  region size 1024K, 7 young (7168K), 7 survivors (7168K)
 Metaspace       used 34986K, capacity 35836K, committed 35920K, reserved 548864K
  class space    used 4454K, capacity 4813K, committed 4864K, reserved 516096K
}

